2025-09-11 10:48:24,402 | INFO | __main__ | Starting Expanded Worst Air Quality Data Collection
2025-09-11 10:48:24,402 | INFO | __main__ | Expanded Worst Air Quality Collector initialized
2025-09-11 10:48:24,402 | INFO | __main__ | === STARTING EXPANDED WORST AIR QUALITY DATA COLLECTION ===
2025-09-11 10:48:24,402 | INFO | __main__ | Step 1/100: Collecting data for Delhi, India (AQI: 165, PM2.5: 110)
2025-09-11 10:48:26,241 | INFO | __main__ |   SUCCESS Delhi, India: success (760 records)
2025-09-11 10:48:27,244 | INFO | __main__ | Step 2/100: Collecting data for Lahore, Pakistan (AQI: 158, PM2.5: 105)
2025-09-11 10:48:27,518 | INFO | __main__ |   SUCCESS Lahore, Pakistan: success (760 records)
2025-09-11 10:48:28,526 | INFO | __main__ | Step 3/100: Collecting data for Dhaka, Bangladesh (AQI: 156, PM2.5: 97)
2025-09-11 10:48:28,785 | INFO | __main__ |   SUCCESS Dhaka, Bangladesh: success (760 records)
2025-09-11 10:48:29,800 | INFO | __main__ | Step 4/100: Collecting data for Kolkata, India (AQI: 154, PM2.5: 95)
2025-09-11 10:48:30,086 | INFO | __main__ |   SUCCESS Kolkata, India: success (760 records)
2025-09-11 10:48:31,095 | INFO | __main__ | Step 5/100: Collecting data for Muzaffarpur, India (AQI: 152, PM2.5: 94)
2025-09-11 10:48:31,352 | INFO | __main__ |   SUCCESS Muzaffarpur, India: success (760 records)
2025-09-11 10:48:32,363 | INFO | __main__ | Step 6/100: Collecting data for Baghdad, Iraq (AQI: 150, PM2.5: 93)
2025-09-11 10:48:32,639 | INFO | __main__ |   SUCCESS Baghdad, Iraq: success (760 records)
2025-09-11 10:48:33,647 | INFO | __main__ | Step 7/100: Collecting data for Ghaziabad, India (AQI: 149, PM2.5: 92)
2025-09-11 10:48:33,957 | INFO | __main__ |   SUCCESS Ghaziabad, India: success (760 records)
2025-09-11 10:48:34,964 | INFO | __main__ | Step 8/100: Collecting data for Patna, India (AQI: 149, PM2.5: 91)
2025-09-11 10:48:35,252 | INFO | __main__ |   SUCCESS Patna, India: success (760 records)
2025-09-11 10:48:36,265 | INFO | __main__ | Step 9/100: Collecting data for Hotan, China (AQI: 148, PM2.5: 90)
2025-09-11 10:48:36,534 | INFO | __main__ |   SUCCESS Hotan, China: success (760 records)
2025-09-11 10:48:37,543 | INFO | __main__ | Step 10/100: Collecting data for Xinjiang, China (AQI: 147, PM2.5: 89)
2025-09-11 10:48:37,851 | INFO | __main__ |   SUCCESS Xinjiang, China: success (760 records)
2025-09-11 10:48:38,860 | INFO | __main__ | Step 11/100: Collecting data for Faridabad, India (AQI: 146, PM2.5: 88)
2025-09-11 10:48:39,121 | INFO | __main__ |   SUCCESS Faridabad, India: success (760 records)
2025-09-11 10:48:40,140 | INFO | __main__ | Step 12/100: Collecting data for Noida, India (AQI: 145, PM2.5: 87)
2025-09-11 10:48:40,425 | INFO | __main__ |   SUCCESS Noida, India: success (760 records)
2025-09-11 10:48:41,440 | INFO | __main__ | Step 13/100: Collecting data for Bahawalpur, Pakistan (AQI: 144, PM2.5: 86)
2025-09-11 10:48:41,716 | INFO | __main__ |   SUCCESS Bahawalpur, Pakistan: success (760 records)
2025-09-11 10:48:42,730 | INFO | __main__ | Step 14/100: Collecting data for Peshawar, Pakistan (AQI: 143, PM2.5: 85)
2025-09-11 10:48:43,018 | INFO | __main__ |   SUCCESS Peshawar, Pakistan: success (760 records)
2025-09-11 10:48:44,036 | INFO | __main__ | Step 15/100: Collecting data for Lucknow, India (AQI: 142, PM2.5: 84)
2025-09-11 10:48:44,295 | INFO | __main__ |   SUCCESS Lucknow, India: success (760 records)
2025-09-11 10:48:45,312 | INFO | __main__ | Step 16/100: Collecting data for Bamenda, Cameroon (AQI: 141, PM2.5: 83)
2025-09-11 10:48:45,588 | INFO | __main__ |   SUCCESS Bamenda, Cameroon: success (760 records)
2025-09-11 10:48:46,602 | INFO | __main__ | Step 17/100: Collecting data for Dushanbe, Tajikistan (AQI: 140, PM2.5: 82)
2025-09-11 10:48:46,900 | INFO | __main__ |   SUCCESS Dushanbe, Tajikistan: success (760 records)
2025-09-11 10:48:47,922 | INFO | __main__ | Step 18/100: Collecting data for Almaty, Kazakhstan (AQI: 139, PM2.5: 81)
2025-09-11 10:48:48,185 | INFO | __main__ |   SUCCESS Almaty, Kazakhstan: success (760 records)
2025-09-11 10:48:49,214 | INFO | __main__ | Step 19/100: Collecting data for Kabul, Afghanistan (AQI: 138, PM2.5: 80)
2025-09-11 10:48:49,485 | INFO | __main__ |   SUCCESS Kabul, Afghanistan: success (760 records)
2025-09-11 10:48:50,501 | INFO | __main__ | Step 20/100: Collecting data for Ulaanbaatar, Mongolia (AQI: 137, PM2.5: 79)
2025-09-11 10:48:50,768 | INFO | __main__ |   SUCCESS Ulaanbaatar, Mongolia: success (760 records)
2025-09-11 10:48:51,789 | INFO | __main__ | Step 21/100: Collecting data for Cairo, Egypt (AQI: 168, PM2.5: 93)
2025-09-11 10:48:52,073 | INFO | __main__ |   SUCCESS Cairo, Egypt: success (760 records)
2025-09-11 10:48:53,099 | INFO | __main__ | Step 22/100: Collecting data for Khartoum, Sudan (AQI: 165, PM2.5: 89)
2025-09-11 10:48:53,369 | INFO | __main__ |   SUCCESS Khartoum, Sudan: success (760 records)
2025-09-11 10:48:54,397 | INFO | __main__ | Step 23/100: Collecting data for Giza, Egypt (AQI: 162, PM2.5: 87)
2025-09-11 10:48:54,667 | INFO | __main__ |   SUCCESS Giza, Egypt: success (760 records)
2025-09-11 10:48:55,696 | INFO | __main__ | Step 24/100: Collecting data for N'Djamena, Chad (AQI: 160, PM2.5: 85)
2025-09-11 10:48:55,981 | INFO | __main__ |   SUCCESS N'Djamena, Chad: success (760 records)
2025-09-11 10:48:57,012 | INFO | __main__ | Step 25/100: Collecting data for El Obeid, Sudan (AQI: 158, PM2.5: 83)
2025-09-11 10:48:57,281 | INFO | __main__ |   SUCCESS El Obeid, Sudan: success (760 records)
2025-09-11 10:48:58,324 | INFO | __main__ | Step 26/100: Collecting data for Omdurman, Sudan (AQI: 156, PM2.5: 81)
2025-09-11 10:48:58,624 | INFO | __main__ |   SUCCESS Omdurman, Sudan: success (760 records)
2025-09-11 10:48:59,656 | INFO | __main__ | Step 27/100: Collecting data for Bamako, Mali (AQI: 154, PM2.5: 79)
2025-09-11 10:48:59,999 | INFO | __main__ |   SUCCESS Bamako, Mali: success (760 records)
2025-09-11 10:49:01,035 | INFO | __main__ | Step 28/100: Collecting data for Ouagadougou, Burkina Faso (AQI: 152, PM2.5: 77)
2025-09-11 10:49:01,311 | INFO | __main__ |   SUCCESS Ouagadougou, Burkina Faso: success (760 records)
2025-09-11 10:49:02,351 | INFO | __main__ | Step 29/100: Collecting data for Kaduna, Nigeria (AQI: 150, PM2.5: 75)
2025-09-11 10:49:02,623 | INFO | __main__ |   SUCCESS Kaduna, Nigeria: success (760 records)
2025-09-11 10:49:03,669 | INFO | __main__ | Step 30/100: Collecting data for Lagos, Nigeria (AQI: 148, PM2.5: 73)
2025-09-11 10:49:03,936 | INFO | __main__ |   SUCCESS Lagos, Nigeria: success (760 records)
2025-09-11 10:49:04,976 | INFO | __main__ | Step 31/100: Collecting data for Accra, Ghana (AQI: 146, PM2.5: 71)
2025-09-11 10:49:05,247 | INFO | __main__ |   SUCCESS Accra, Ghana: success (760 records)
2025-09-11 10:49:06,284 | INFO | __main__ | Step 32/100: Collecting data for Kampala, Uganda (AQI: 144, PM2.5: 69)
2025-09-11 10:49:06,561 | INFO | __main__ |   SUCCESS Kampala, Uganda: success (760 records)
2025-09-11 10:49:07,611 | INFO | __main__ | Step 33/100: Collecting data for Dakar, Senegal (AQI: 142, PM2.5: 67)
2025-09-11 10:49:07,905 | INFO | __main__ |   SUCCESS Dakar, Senegal: success (760 records)
2025-09-11 10:49:08,954 | INFO | __main__ | Step 34/100: Collecting data for Abidjan, Ivory Coast (AQI: 140, PM2.5: 65)
2025-09-11 10:49:09,218 | INFO | __main__ |   SUCCESS Abidjan, Ivory Coast: success (760 records)
2025-09-11 10:49:10,263 | INFO | __main__ | Step 35/100: Collecting data for Casablanca, Morocco (AQI: 138, PM2.5: 63)
2025-09-11 10:49:10,567 | INFO | __main__ |   SUCCESS Casablanca, Morocco: success (760 records)
2025-09-11 10:49:11,609 | INFO | __main__ | Step 36/100: Collecting data for Tripoli, Libya (AQI: 136, PM2.5: 61)
2025-09-11 10:49:11,889 | INFO | __main__ |   SUCCESS Tripoli, Libya: success (760 records)
2025-09-11 10:49:12,935 | INFO | __main__ | Step 37/100: Collecting data for Douala, Cameroon (AQI: 134, PM2.5: 59)
2025-09-11 10:49:13,217 | INFO | __main__ |   SUCCESS Douala, Cameroon: success (760 records)
2025-09-11 10:49:14,265 | INFO | __main__ | Step 38/100: Collecting data for Yaoundé, Cameroon (AQI: 132, PM2.5: 57)
2025-09-11 10:49:14,546 | INFO | __main__ |   SUCCESS Yaoundé, Cameroon: success (760 records)
2025-09-11 10:49:15,603 | INFO | __main__ | Step 39/100: Collecting data for Brazzaville, Republic of Congo (AQI: 130, PM2.5: 55)
2025-09-11 10:49:15,924 | INFO | __main__ |   SUCCESS Brazzaville, Republic of Congo: success (760 records)
2025-09-11 10:49:16,971 | INFO | __main__ | Step 40/100: Collecting data for Kinshasa, Democratic Republic of Congo (AQI: 128, PM2.5: 53)
2025-09-11 10:49:17,249 | INFO | __main__ |   SUCCESS Kinshasa, Democratic Republic of Congo: success (760 records)
2025-09-11 10:49:18,304 | INFO | __main__ | Step 41/100: Collecting data for Skopje, North Macedonia (AQI: 119, PM2.5: 43)
2025-09-11 10:49:18,592 | INFO | __main__ |   SUCCESS Skopje, North Macedonia: success (760 records)
2025-09-11 10:49:19,647 | INFO | __main__ | Step 42/100: Collecting data for Sarajevo, Bosnia and Herzegovina (AQI: 115, PM2.5: 41)
2025-09-11 10:49:20,532 | INFO | __main__ |   SUCCESS Sarajevo, Bosnia and Herzegovina: success (760 records)
2025-09-11 10:49:21,586 | INFO | __main__ | Step 43/100: Collecting data for Tuzla, Bosnia and Herzegovina (AQI: 113, PM2.5: 39)
2025-09-11 10:49:21,858 | INFO | __main__ |   SUCCESS Tuzla, Bosnia and Herzegovina: success (760 records)
2025-09-11 10:49:22,920 | INFO | __main__ | Step 44/100: Collecting data for Zenica, Bosnia and Herzegovina (AQI: 111, PM2.5: 37)
2025-09-11 10:49:23,218 | INFO | __main__ |   SUCCESS Zenica, Bosnia and Herzegovina: success (760 records)
2025-09-11 10:49:24,278 | INFO | __main__ | Step 45/100: Collecting data for Tetovo, North Macedonia (AQI: 109, PM2.5: 35)
2025-09-11 10:49:24,568 | INFO | __main__ |   SUCCESS Tetovo, North Macedonia: success (760 records)
2025-09-11 10:49:25,620 | INFO | __main__ | Step 46/100: Collecting data for Plovdiv, Bulgaria (AQI: 107, PM2.5: 33)
2025-09-11 10:49:25,920 | INFO | __main__ |   SUCCESS Plovdiv, Bulgaria: success (760 records)
2025-09-11 10:49:26,976 | INFO | __main__ | Step 47/100: Collecting data for Sofia, Bulgaria (AQI: 105, PM2.5: 31)
2025-09-11 10:49:27,249 | INFO | __main__ |   SUCCESS Sofia, Bulgaria: success (760 records)
2025-09-11 10:49:28,306 | INFO | __main__ | Step 48/100: Collecting data for Kraków, Poland (AQI: 103, PM2.5: 29)
2025-09-11 10:49:28,572 | INFO | __main__ |   SUCCESS Kraków, Poland: success (760 records)
--- Logging error ---
Traceback (most recent call last):
  File "C:\Users\nlevy\AppData\Local\Python\pythoncore-3.11-64\Lib\logging\__init__.py", line 1113, in emit
    stream.write(msg + self.terminator)
  File "C:\Users\nlevy\AppData\Local\Python\pythoncore-3.11-64\Lib\encodings\cp1252.py", line 19, in encode
    return codecs.charmap_encode(input,self.errors,encoding_table)[0]
           ^^^^^^^^^^^^^^^^^^^^^^^^^^^^^^^^^^^^^^^^^^^^^^^^^^^^^^^
UnicodeEncodeError: 'charmap' codec can't encode character '\u0142' in position 81: character maps to <undefined>
Call stack:
  File "C:\aqf311\Git_repo\stage_5\scripts\expanded_worst_air_quality_collector.py", line 672, in <module>
    main()
  File "C:\aqf311\Git_repo\stage_5\scripts\expanded_worst_air_quality_collector.py", line 662, in main
    results = collector.collect_expanded_worst_air_quality_data()
  File "C:\aqf311\Git_repo\stage_5\scripts\expanded_worst_air_quality_collector.py", line 212, in collect_expanded_worst_air_quality_data
    log.info(f"Step {step_number}/{total_cities}: Collecting data for {city_name} (AQI: {city['avg_aqi']}, PM2.5: {city['avg_pm25']})")
Message: 'Step 49/100: Collecting data for Wroc\u0142aw, Poland (AQI: 101, PM2.5: 27)'
Arguments: ()
2025-09-11 10:49:29,628 | INFO | __main__ | Step 49/100: Collecting data for Wroc\u0142aw, Poland (AQI: 101, PM2.5: 27)
--- Logging error ---
Traceback (most recent call last):
  File "C:\Users\nlevy\AppData\Local\Python\pythoncore-3.11-64\Lib\logging\__init__.py", line 1113, in emit
    stream.write(msg + self.terminator)
  File "C:\Users\nlevy\AppData\Local\Python\pythoncore-3.11-64\Lib\encodings\cp1252.py", line 19, in encode
    return codecs.charmap_encode(input,self.errors,encoding_table)[0]
           ^^^^^^^^^^^^^^^^^^^^^^^^^^^^^^^^^^^^^^^^^^^^^^^^^^^^^^^
UnicodeEncodeError: 'charmap' codec can't encode character '\u0142' in position 58: character maps to <undefined>
Call stack:
  File "C:\aqf311\Git_repo\stage_5\scripts\expanded_worst_air_quality_collector.py", line 672, in <module>
    main()
  File "C:\aqf311\Git_repo\stage_5\scripts\expanded_worst_air_quality_collector.py", line 662, in main
    results = collector.collect_expanded_worst_air_quality_data()
  File "C:\aqf311\Git_repo\stage_5\scripts\expanded_worst_air_quality_collector.py", line 224, in collect_expanded_worst_air_quality_data
    log.info(f"  SUCCESS {city_name}: {city_data['status']} ({city_data.get('total_records', 0)} records)")
Message: '  SUCCESS Wroc\u0142aw, Poland: success (760 records)'
Arguments: ()
2025-09-11 10:49:29,924 | INFO | __main__ |   SUCCESS Wroc\u0142aw, Poland: success (760 records)
2025-09-11 10:49:30,982 | INFO | __main__ | Step 50/100: Collecting data for Katowice, Poland (AQI: 99, PM2.5: 25)
2025-09-11 10:49:31,264 | INFO | __main__ |   SUCCESS Katowice, Poland: success (760 records)
2025-09-11 10:49:32,323 | INFO | __main__ | Step 51/100: Collecting data for Ostrava, Czech Republic (AQI: 97, PM2.5: 24)
2025-09-11 10:49:32,608 | INFO | __main__ |   SUCCESS Ostrava, Czech Republic: success (760 records)
2025-09-11 10:49:33,672 | INFO | __main__ | Step 52/100: Collecting data for Bucharest, Romania (AQI: 95, PM2.5: 23)
2025-09-11 10:49:33,936 | INFO | __main__ |   SUCCESS Bucharest, Romania: success (760 records)
2025-09-11 10:49:35,002 | INFO | __main__ | Step 53/100: Collecting data for Belgrade, Serbia (AQI: 93, PM2.5: 22)
2025-09-11 10:49:35,265 | INFO | __main__ |   SUCCESS Belgrade, Serbia: success (760 records)
2025-09-11 10:49:36,334 | INFO | __main__ | Step 54/100: Collecting data for Novi Sad, Serbia (AQI: 91, PM2.5: 21)
2025-09-11 10:49:36,613 | INFO | __main__ |   SUCCESS Novi Sad, Serbia: success (760 records)
2025-09-11 10:49:37,677 | INFO | __main__ | Step 55/100: Collecting data for Turin, Italy (AQI: 89, PM2.5: 20)
2025-09-11 10:49:37,951 | INFO | __main__ |   SUCCESS Turin, Italy: success (760 records)
2025-09-11 10:49:39,024 | INFO | __main__ | Step 56/100: Collecting data for Milan, Italy (AQI: 87, PM2.5: 19)
2025-09-11 10:49:39,296 | INFO | __main__ |   SUCCESS Milan, Italy: success (760 records)
2025-09-11 10:49:40,367 | INFO | __main__ | Step 57/100: Collecting data for Miskolc, Hungary (AQI: 85, PM2.5: 18)
2025-09-11 10:49:40,655 | INFO | __main__ |   SUCCESS Miskolc, Hungary: success (760 records)
2025-09-11 10:49:41,728 | INFO | __main__ | Step 58/100: Collecting data for Pécs, Hungary (AQI: 83, PM2.5: 17)
2025-09-11 10:49:42,003 | INFO | __main__ |   SUCCESS Pécs, Hungary: success (760 records)
2025-09-11 10:49:43,074 | INFO | __main__ | Step 59/100: Collecting data for Banja Luka, Bosnia and Herzegovina (AQI: 81, PM2.5: 16)
2025-09-11 10:49:43,343 | INFO | __main__ |   SUCCESS Banja Luka, Bosnia and Herzegovina: success (760 records)
2025-09-11 10:49:44,421 | INFO | __main__ | Step 60/100: Collecting data for Košice, Slovakia (AQI: 79, PM2.5: 15)
2025-09-11 10:49:44,733 | INFO | __main__ |   SUCCESS Košice, Slovakia: success (760 records)
2025-09-11 10:49:45,803 | INFO | __main__ | Step 61/100: Collecting data for Mexicali, Mexico (AQI: 152, PM2.5: 71)
2025-09-11 10:49:46,092 | INFO | __main__ |   SUCCESS Mexicali, Mexico: success (760 records)
2025-09-11 10:49:47,169 | INFO | __main__ | Step 62/100: Collecting data for Phoenix, USA (AQI: 148, PM2.5: 65)
2025-09-11 10:49:47,483 | INFO | __main__ |   SUCCESS Phoenix, USA: success (760 records)
2025-09-11 10:49:48,561 | INFO | __main__ | Step 63/100: Collecting data for Bakersfield, USA (AQI: 145, PM2.5: 63)
2025-09-11 10:49:48,890 | INFO | __main__ |   SUCCESS Bakersfield, USA: success (760 records)
2025-09-11 10:49:49,972 | INFO | __main__ | Step 64/100: Collecting data for Fresno, USA (AQI: 142, PM2.5: 61)
2025-09-11 10:49:50,258 | INFO | __main__ |   SUCCESS Fresno, USA: success (760 records)
2025-09-11 10:49:51,331 | INFO | __main__ | Step 65/100: Collecting data for Los Angeles, USA (AQI: 139, PM2.5: 59)
2025-09-11 10:49:51,623 | INFO | __main__ |   SUCCESS Los Angeles, USA: success (760 records)
2025-09-11 10:49:52,699 | INFO | __main__ | Step 66/100: Collecting data for Visalia, USA (AQI: 136, PM2.5: 57)
2025-09-11 10:49:52,984 | INFO | __main__ |   SUCCESS Visalia, USA: success (760 records)
2025-09-11 10:49:54,067 | INFO | __main__ | Step 67/100: Collecting data for Modesto, USA (AQI: 133, PM2.5: 55)
2025-09-11 10:49:54,345 | INFO | __main__ |   SUCCESS Modesto, USA: success (760 records)
2025-09-11 10:49:55,422 | INFO | __main__ | Step 68/100: Collecting data for El Paso, USA (AQI: 130, PM2.5: 53)
2025-09-11 10:49:55,718 | INFO | __main__ |   SUCCESS El Paso, USA: success (760 records)
2025-09-11 10:49:56,800 | INFO | __main__ | Step 69/100: Collecting data for Fairbanks, USA (AQI: 127, PM2.5: 51)
2025-09-11 10:49:57,077 | INFO | __main__ |   SUCCESS Fairbanks, USA: success (760 records)
2025-09-11 10:49:58,163 | INFO | __main__ | Step 70/100: Collecting data for San Bernardino, USA (AQI: 124, PM2.5: 49)
2025-09-11 10:49:58,436 | INFO | __main__ |   SUCCESS San Bernardino, USA: success (760 records)
2025-09-11 10:49:59,523 | INFO | __main__ | Step 71/100: Collecting data for Riverside, USA (AQI: 121, PM2.5: 47)
2025-09-11 10:49:59,796 | INFO | __main__ |   SUCCESS Riverside, USA: success (760 records)
2025-09-11 10:50:00,878 | INFO | __main__ | Step 72/100: Collecting data for Stockton, USA (AQI: 118, PM2.5: 45)
2025-09-11 10:50:01,154 | INFO | __main__ |   SUCCESS Stockton, USA: success (760 records)
2025-09-11 10:50:02,247 | INFO | __main__ | Step 73/100: Collecting data for Tijuana, Mexico (AQI: 115, PM2.5: 43)
2025-09-11 10:50:02,546 | INFO | __main__ |   SUCCESS Tijuana, Mexico: success (760 records)
2025-09-11 10:50:03,645 | INFO | __main__ | Step 74/100: Collecting data for Ciudad Juárez, Mexico (AQI: 112, PM2.5: 41)
2025-09-11 10:50:03,922 | INFO | __main__ |   SUCCESS Ciudad Juárez, Mexico: success (760 records)
2025-09-11 10:50:05,008 | INFO | __main__ | Step 75/100: Collecting data for Guadalajara, Mexico (AQI: 109, PM2.5: 39)
2025-09-11 10:50:05,280 | INFO | __main__ |   SUCCESS Guadalajara, Mexico: success (760 records)
2025-09-11 10:50:06,371 | INFO | __main__ | Step 76/100: Collecting data for Mexico City, Mexico (AQI: 106, PM2.5: 37)
2025-09-11 10:50:06,639 | INFO | __main__ |   SUCCESS Mexico City, Mexico: success (760 records)
2025-09-11 10:50:07,733 | INFO | __main__ | Step 77/100: Collecting data for Monterrey, Mexico (AQI: 103, PM2.5: 35)
2025-09-11 10:50:08,014 | INFO | __main__ |   SUCCESS Monterrey, Mexico: success (760 records)
2025-09-11 10:50:09,112 | INFO | __main__ | Step 78/100: Collecting data for Salt Lake City, USA (AQI: 100, PM2.5: 33)
2025-09-11 10:50:09,399 | INFO | __main__ |   SUCCESS Salt Lake City, USA: success (760 records)
2025-09-11 10:50:10,487 | INFO | __main__ | Step 79/100: Collecting data for Pittsburgh, USA (AQI: 97, PM2.5: 31)
2025-09-11 10:50:10,780 | INFO | __main__ |   SUCCESS Pittsburgh, USA: success (760 records)
2025-09-11 10:50:11,874 | INFO | __main__ | Step 80/100: Collecting data for Detroit, USA (AQI: 94, PM2.5: 29)
2025-09-11 10:50:12,373 | INFO | __main__ |   SUCCESS Detroit, USA: success (760 records)
2025-09-11 10:50:13,471 | INFO | __main__ | Step 81/100: Collecting data for Lima, Peru (AQI: 159, PM2.5: 73)
2025-09-11 10:50:13,992 | INFO | __main__ |   SUCCESS Lima, Peru: success (760 records)
2025-09-11 10:50:15,085 | INFO | __main__ | Step 82/100: Collecting data for La Paz, Bolivia (AQI: 155, PM2.5: 69)
2025-09-11 10:50:15,342 | INFO | __main__ |   SUCCESS La Paz, Bolivia: success (760 records)
2025-09-11 10:50:16,444 | INFO | __main__ | Step 83/100: Collecting data for Cochabamba, Bolivia (AQI: 152, PM2.5: 67)
2025-09-11 10:50:16,738 | INFO | __main__ |   SUCCESS Cochabamba, Bolivia: success (760 records)
2025-09-11 10:50:17,833 | INFO | __main__ | Step 84/100: Collecting data for Santa Cruz, Bolivia (AQI: 149, PM2.5: 65)
2025-09-11 10:50:18,115 | INFO | __main__ |   SUCCESS Santa Cruz, Bolivia: success (760 records)
2025-09-11 10:50:19,222 | INFO | __main__ | Step 85/100: Collecting data for Santiago, Chile (AQI: 146, PM2.5: 63)
2025-09-11 10:50:19,531 | INFO | __main__ |   SUCCESS Santiago, Chile: success (760 records)
2025-09-11 10:50:20,638 | INFO | __main__ | Step 86/100: Collecting data for Arequipa, Peru (AQI: 143, PM2.5: 61)
2025-09-11 10:50:20,990 | INFO | __main__ |   SUCCESS Arequipa, Peru: success (760 records)
2025-09-11 10:50:22,087 | INFO | __main__ | Step 87/100: Collecting data for São Paulo, Brazil (AQI: 140, PM2.5: 59)
2025-09-11 10:50:22,374 | INFO | __main__ |   SUCCESS São Paulo, Brazil: success (760 records)
2025-09-11 10:50:23,482 | INFO | __main__ | Step 88/100: Collecting data for Medellín, Colombia (AQI: 137, PM2.5: 57)
2025-09-11 10:50:23,795 | INFO | __main__ |   SUCCESS Medellín, Colombia: success (760 records)
2025-09-11 10:50:24,908 | INFO | __main__ | Step 89/100: Collecting data for Bogotá, Colombia (AQI: 134, PM2.5: 55)
2025-09-11 10:50:25,201 | INFO | __main__ |   SUCCESS Bogotá, Colombia: success (760 records)
2025-09-11 10:50:26,316 | INFO | __main__ | Step 90/100: Collecting data for Cali, Colombia (AQI: 131, PM2.5: 53)
2025-09-11 10:50:26,592 | INFO | __main__ |   SUCCESS Cali, Colombia: success (760 records)
2025-09-11 10:50:27,706 | INFO | __main__ | Step 91/100: Collecting data for Quito, Ecuador (AQI: 128, PM2.5: 51)
2025-09-11 10:50:28,010 | INFO | __main__ |   SUCCESS Quito, Ecuador: success (760 records)
2025-09-11 10:50:29,115 | INFO | __main__ | Step 92/100: Collecting data for Guayaquil, Ecuador (AQI: 125, PM2.5: 49)
2025-09-11 10:50:29,420 | INFO | __main__ |   SUCCESS Guayaquil, Ecuador: success (760 records)
2025-09-11 10:50:30,525 | INFO | __main__ | Step 93/100: Collecting data for Rio de Janeiro, Brazil (AQI: 122, PM2.5: 47)
2025-09-11 10:50:30,797 | INFO | __main__ |   SUCCESS Rio de Janeiro, Brazil: success (760 records)
2025-09-11 10:50:31,904 | INFO | __main__ | Step 94/100: Collecting data for Belo Horizonte, Brazil (AQI: 119, PM2.5: 45)
2025-09-11 10:50:32,186 | INFO | __main__ |   SUCCESS Belo Horizonte, Brazil: success (760 records)
2025-09-11 10:50:33,309 | INFO | __main__ | Step 95/100: Collecting data for Porto Alegre, Brazil (AQI: 116, PM2.5: 43)
2025-09-11 10:50:33,577 | INFO | __main__ |   SUCCESS Porto Alegre, Brazil: success (760 records)
2025-09-11 10:50:34,695 | INFO | __main__ | Step 96/100: Collecting data for Curitiba, Brazil (AQI: 113, PM2.5: 41)
2025-09-11 10:50:34,973 | INFO | __main__ |   SUCCESS Curitiba, Brazil: success (760 records)
2025-09-11 10:50:36,089 | INFO | __main__ | Step 97/100: Collecting data for Buenos Aires, Argentina (AQI: 110, PM2.5: 39)
2025-09-11 10:50:36,378 | INFO | __main__ |   SUCCESS Buenos Aires, Argentina: success (760 records)
2025-09-11 10:50:37,497 | INFO | __main__ | Step 98/100: Collecting data for Córdoba, Argentina (AQI: 107, PM2.5: 37)
2025-09-11 10:50:37,764 | INFO | __main__ |   SUCCESS Córdoba, Argentina: success (760 records)
2025-09-11 10:50:38,889 | INFO | __main__ | Step 99/100: Collecting data for Rosario, Argentina (AQI: 104, PM2.5: 35)
2025-09-11 10:50:39,157 | INFO | __main__ |   SUCCESS Rosario, Argentina: success (760 records)
2025-09-11 10:50:40,270 | INFO | __main__ | Step 100/100: Collecting data for Montevideo, Uruguay (AQI: 101, PM2.5: 33)
2025-09-11 10:50:40,585 | INFO | __main__ |   SUCCESS Montevideo, Uruguay: success (760 records)
2025-09-11 10:50:41,811 | INFO | __main__ | Final results saved to: stage_5\expanded_worst_air_quality\expanded_worst_air_quality_results.json
2025-09-11 10:50:41,811 | INFO | __main__ | === EXPANDED WORST AIR QUALITY DATA COLLECTION COMPLETED ===
2025-09-11 10:50:41,811 | INFO | __main__ | 
============================================================
2025-09-11 10:50:41,811 | INFO | __main__ | EXPANDED WORST AIR QUALITY DATA COLLECTION COMPLETED
2025-09-11 10:50:41,811 | INFO | __main__ | ============================================================
2025-09-11 10:50:41,811 | INFO | __main__ | Total Cities: 100
2025-09-11 10:50:41,811 | INFO | __main__ | Successful: 100 (100.0%)
2025-09-11 10:50:41,811 | INFO | __main__ | Failed: 0
2025-09-11 10:50:41,811 | INFO | __main__ | Total Records: 76,000
2025-09-11 10:50:41,811 | INFO | __main__ | Avg Records/City: 760
2025-09-11 10:50:41,811 | INFO | __main__ | 
2025-09-11 10:50:41,811 | INFO | __main__ | CONTINENTAL BREAKDOWN (WORST AIR QUALITY CITIES):
2025-09-11 10:50:41,811 | INFO | __main__ |   Asia: 20/20 (100.0%) - 15,200 records - Avg AQI: 147
2025-09-11 10:50:41,811 | INFO | __main__ |   Africa: 20/20 (100.0%) - 15,200 records - Avg AQI: 147
2025-09-11 10:50:41,811 | INFO | __main__ |   Europe: 20/20 (100.0%) - 15,200 records - Avg AQI: 98
2025-09-11 10:50:41,811 | INFO | __main__ |   North_America: 20/20 (100.0%) - 15,200 records - Avg AQI: 123
2025-09-11 10:50:41,811 | INFO | __main__ |   South_America: 20/20 (100.0%) - 15,200 records - Avg AQI: 130
2025-09-11 10:50:41,811 | INFO | __main__ | ============================================================
